<?xml version="1.0" encoding="UTF-8"?>
<!-- Generated by org.testng.reporters.JUnitReportReporter -->
<testsuite hostname="Wallis" failures="0" tests="1" name="ModalDialogsTest" time="4.930" errors="0" timestamp="2025-04-21T11:09:22 EDT" skipped="0">
  <testcase classname="ModalDialogsTest" name="clickSmallModelOrLargeModel" time="4.930"/>
</testsuite> <!-- ModalDialogsTest -->
