<?xml version="1.0" encoding="UTF-8"?>
<!-- Generated by org.testng.reporters.JUnitReportReporter -->
<testsuite hostname="Wallis" failures="0" tests="1" name="TestngTest1" time="0.000" errors="0" timestamp="2025-03-30T15:07:38 EDT" skipped="0">
  <testcase classname="TestngTest1" name="testOne" time="0.000"/>
  <system-out/>
</testsuite> <!-- TestngTest1 -->
