<?xml version="1.0" encoding="UTF-8"?>
<!-- Generated by org.testng.reporters.JUnitReportReporter -->
<testsuite hostname="Wallis" failures="0" tests="1" name="TestngTest" time="4.500" errors="0" timestamp="2025-04-21T02:34:19 EDT" skipped="0">
  <testcase classname="TestngTest" name="canClickMainLevelwithtestNG" time="4.500"/>
</testsuite> <!-- TestngTest -->
