<?xml version="1.0" encoding="UTF-8"?>
<!-- Generated by org.testng.reporters.JUnitReportReporter -->
<testsuite hostname="Wallis" failures="0" tests="1" name="ModalDialogsTest" time="3.290" errors="0" timestamp="2025-04-21T10:42:53 EDT" skipped="0">
  <testcase classname="ModalDialogsTest" name="clickSmallModelOrLargeModel" time="3.290"/>
</testsuite> <!-- ModalDialogsTest -->
