<?xml version="1.0" encoding="UTF-8"?>
<!-- Generated by org.testng.reporters.JUnitReportReporter -->
<testsuite hostname="Wallis" failures="0" tests="1" name="TestngTest" time="0.005" errors="0" timestamp="2025-03-30T15:07:38 EDT" skipped="0">
  <testcase classname="TestngTest" name="testOne" time="0.005"/>
  <system-out/>
</testsuite> <!-- TestngTest -->
